2020-02-05 19:30:15,288 [Worker-3] INFO  o.e.m.c.i.p.ProjectConfigurationManager - Collecting project info '/pom.xml' C:\Users\Lenovo\mavenoop\oopsmaven\pom.xml
2020-02-05 19:30:17,218 [Worker-3] INFO  o.e.m.c.i.l.LifecycleMappingFactory - Using org.eclipse.m2e.jdt.JarLifecycleMapping lifecycle mapping for MavenProject: com.mycompany:oopsmaven:0.0.1-SNAPSHOT @ C:\Users\Lenovo\mavenoop\oopsmaven\pom.xml.
2020-02-05 19:30:19,044 [Worker-3] INFO  o.e.m.j.i.AbstractJavaProjectConfigurator - Adding source folder /oopsmaven/src/main/java
2020-02-05 19:30:19,057 [Worker-3] INFO  o.e.m.j.i.AbstractJavaProjectConfigurator - Adding source folder /oopsmaven/src/test/java
2020-02-05 19:30:20,500 [Worker-3] INFO  o.e.m.c.i.p.ProjectConfigurationManager - Imported and configured 1 project(s) in 5 sec
2020-02-05 19:30:21,437 [Worker-4] INFO  o.e.m.c.i.embedder.EclipseLogger - Using 'UTF-8' encoding to copy filtered resources.
2020-02-05 19:30:21,439 [Worker-4] INFO  o.e.m.c.i.embedder.EclipseLogger - skip non existing resourceDirectory C:\Users\Lenovo\mavenoop\oopsmaven\src\main\resources
2020-02-05 19:30:21,443 [Worker-4] INFO  o.e.m.c.i.embedder.EclipseLogger - Using 'UTF-8' encoding to copy filtered resources.
2020-02-05 19:30:21,443 [Worker-4] INFO  o.e.m.c.i.embedder.EclipseLogger - skip non existing resourceDirectory C:\Users\Lenovo\mavenoop\oopsmaven\src\test\resources
2020-02-05 19:30:42,545 [Worker-9] INFO  o.e.m.c.i.embedder.EclipseLogger - Using 'UTF-8' encoding to copy filtered resources.
2020-02-05 19:30:42,545 [Worker-9] INFO  o.e.m.c.i.embedder.EclipseLogger - skip non existing resourceDirectory C:\Users\Lenovo\mavenoop\oopsmaven\src\main\resources
2020-02-05 19:30:42,548 [Worker-9] INFO  o.e.m.c.i.embedder.EclipseLogger - Using 'UTF-8' encoding to copy filtered resources.
2020-02-05 19:30:42,548 [Worker-9] INFO  o.e.m.c.i.embedder.EclipseLogger - skip non existing resourceDirectory C:\Users\Lenovo\mavenoop\oopsmaven\src\test\resources
2020-02-05 19:31:01,534 [Worker-7] INFO  o.e.m.i.launch.MavenLaunchDelegate - C:\Users\Lenovo\mavenoop\oopsmaven
2020-02-05 19:31:01,535 [Worker-7] INFO  o.e.m.i.launch.MavenLaunchDelegate -  mvn -B install
2020-02-05 19:31:09,066 [Worker-6] INFO  o.e.m.c.i.embedder.EclipseLogger - Using 'UTF-8' encoding to copy filtered resources.
2020-02-05 19:31:09,067 [Worker-6] INFO  o.e.m.c.i.embedder.EclipseLogger - skip non existing resourceDirectory C:\Users\Lenovo\mavenoop\oopsmaven\src\main\resources
2020-02-05 19:31:09,069 [Worker-6] INFO  o.e.m.c.i.embedder.EclipseLogger - Using 'UTF-8' encoding to copy filtered resources.
2020-02-05 19:31:09,070 [Worker-6] INFO  o.e.m.c.i.embedder.EclipseLogger - skip non existing resourceDirectory C:\Users\Lenovo\mavenoop\oopsmaven\src\test\resources
2020-02-05 19:32:31,701 [Worker-4] INFO  o.e.m.c.i.embedder.EclipseLogger - Using 'UTF-8' encoding to copy filtered resources.
2020-02-05 19:32:31,703 [Worker-4] INFO  o.e.m.c.i.embedder.EclipseLogger - skip non existing resourceDirectory C:\Users\Lenovo\mavenoop\oopsmaven\src\main\resources
2020-02-05 19:32:31,706 [Worker-4] INFO  o.e.m.c.i.embedder.EclipseLogger - Using 'UTF-8' encoding to copy filtered resources.
2020-02-05 19:32:31,706 [Worker-4] INFO  o.e.m.c.i.embedder.EclipseLogger - skip non existing resourceDirectory C:\Users\Lenovo\mavenoop\oopsmaven\src\test\resources
2020-02-05 19:35:20,191 [Worker-12] INFO  o.e.m.c.i.embedder.EclipseLogger - Using 'UTF-8' encoding to copy filtered resources.
2020-02-05 19:35:20,192 [Worker-12] INFO  o.e.m.c.i.embedder.EclipseLogger - skip non existing resourceDirectory C:\Users\Lenovo\mavenoop\oopsmaven\src\main\resources
2020-02-05 19:35:20,195 [Worker-12] INFO  o.e.m.c.i.embedder.EclipseLogger - Using 'UTF-8' encoding to copy filtered resources.
2020-02-05 19:35:20,195 [Worker-12] INFO  o.e.m.c.i.embedder.EclipseLogger - skip non existing resourceDirectory C:\Users\Lenovo\mavenoop\oopsmaven\src\test\resources
2020-02-05 19:55:59,302 [main] INFO  o.e.m2e.actions.ExecutePomAction - Creating new launch configuration
2020-02-05 19:57:11,865 [Worker-21] INFO  o.e.m.c.i.embedder.EclipseLogger - Using 'UTF-8' encoding to copy filtered resources.
2020-02-05 19:57:11,865 [Worker-21] INFO  o.e.m.c.i.embedder.EclipseLogger - skip non existing resourceDirectory C:\Users\Lenovo\mavenoop\oopsmaven\src\main\resources
2020-02-05 19:57:11,867 [Worker-21] INFO  o.e.m.c.i.embedder.EclipseLogger - Using 'UTF-8' encoding to copy filtered resources.
2020-02-05 19:57:11,867 [Worker-21] INFO  o.e.m.c.i.embedder.EclipseLogger - skip non existing resourceDirectory C:\Users\Lenovo\mavenoop\oopsmaven\src\test\resources
2020-02-05 19:57:38,042 [Worker-16] INFO  o.e.m.i.launch.MavenLaunchDelegate - C:\Users\Lenovo\mavenoop\oopsmaven
2020-02-05 19:57:38,043 [Worker-16] INFO  o.e.m.i.launch.MavenLaunchDelegate -  mvn -B install
2020-02-05 20:42:04,499 [Worker-28] INFO  o.e.m.c.i.embedder.EclipseLogger - Using 'UTF-8' encoding to copy filtered resources.
2020-02-05 20:42:04,500 [Worker-28] INFO  o.e.m.c.i.embedder.EclipseLogger - skip non existing resourceDirectory C:\Users\Lenovo\mavenoop\oopsmaven\src\main\resources
2020-02-05 20:42:04,502 [Worker-28] INFO  o.e.m.c.i.embedder.EclipseLogger - Using 'UTF-8' encoding to copy filtered resources.
2020-02-05 20:42:04,502 [Worker-28] INFO  o.e.m.c.i.embedder.EclipseLogger - skip non existing resourceDirectory C:\Users\Lenovo\mavenoop\oopsmaven\src\test\resources
2020-02-05 20:42:11,555 [Worker-29] INFO  o.e.m.i.launch.MavenLaunchDelegate - C:\Users\Lenovo\mavenoop\oopsmaven
2020-02-05 20:42:11,555 [Worker-29] INFO  o.e.m.i.launch.MavenLaunchDelegate -  mvn -B generate-sources
2020-02-05 20:42:13,019 [Worker-29] INFO  o.e.m.c.i.embedder.EclipseLogger - Using 'UTF-8' encoding to copy filtered resources.
2020-02-05 20:42:13,019 [Worker-29] INFO  o.e.m.c.i.embedder.EclipseLogger - skip non existing resourceDirectory C:\Users\Lenovo\mavenoop\oopsmaven\src\main\resources
2020-02-05 20:42:13,021 [Worker-29] INFO  o.e.m.c.i.embedder.EclipseLogger - Using 'UTF-8' encoding to copy filtered resources.
2020-02-05 20:42:13,021 [Worker-29] INFO  o.e.m.c.i.embedder.EclipseLogger - skip non existing resourceDirectory C:\Users\Lenovo\mavenoop\oopsmaven\src\test\resources
2020-02-05 20:42:23,110 [Worker-30] INFO  o.e.m.i.launch.MavenLaunchDelegate - C:\Users\Lenovo\mavenoop\oopsmaven
2020-02-05 20:42:23,111 [Worker-30] INFO  o.e.m.i.launch.MavenLaunchDelegate -  mvn -B test
2020-02-05 20:42:26,366 [Worker-28] INFO  o.e.m.c.i.embedder.EclipseLogger - Using 'UTF-8' encoding to copy filtered resources.
2020-02-05 20:42:26,366 [Worker-28] INFO  o.e.m.c.i.embedder.EclipseLogger - skip non existing resourceDirectory C:\Users\Lenovo\mavenoop\oopsmaven\src\main\resources
2020-02-05 20:42:26,368 [Worker-28] INFO  o.e.m.c.i.embedder.EclipseLogger - Using 'UTF-8' encoding to copy filtered resources.
2020-02-05 20:42:26,368 [Worker-28] INFO  o.e.m.c.i.embedder.EclipseLogger - skip non existing resourceDirectory C:\Users\Lenovo\mavenoop\oopsmaven\src\test\resources
2020-02-05 20:42:47,866 [main] INFO  o.e.m2e.actions.ExecutePomAction - Using existing launch configuration
2020-02-05 20:42:50,747 [Worker-27] INFO  o.e.m.i.launch.MavenLaunchDelegate - C:\Users\Lenovo\mavenoop\oopsmaven
2020-02-05 20:42:50,747 [Worker-27] INFO  o.e.m.i.launch.MavenLaunchDelegate -  mvn -B clean
2020-02-05 20:42:51,507 [Worker-27] INFO  o.e.m.c.i.l.LifecycleMappingFactory - Using org.eclipse.m2e.jdt.JarLifecycleMapping lifecycle mapping for MavenProject: com.mycompany:oopsmaven:0.0.1-SNAPSHOT @ C:\Users\Lenovo\mavenoop\oopsmaven\pom.xml.
2020-02-05 20:42:51,986 [Worker-27] INFO  o.e.m.c.i.embedder.EclipseLogger - Using 'UTF-8' encoding to copy filtered resources.
2020-02-05 20:42:51,986 [Worker-27] INFO  o.e.m.c.i.embedder.EclipseLogger - skip non existing resourceDirectory C:\Users\Lenovo\mavenoop\oopsmaven\src\main\resources
2020-02-05 20:42:51,988 [Worker-27] INFO  o.e.m.c.i.embedder.EclipseLogger - Using 'UTF-8' encoding to copy filtered resources.
2020-02-05 20:42:51,988 [Worker-27] INFO  o.e.m.c.i.embedder.EclipseLogger - skip non existing resourceDirectory C:\Users\Lenovo\mavenoop\oopsmaven\src\test\resources
2020-02-05 20:43:01,076 [Worker-23] INFO  o.e.m.i.launch.MavenLaunchDelegate - C:\Users\Lenovo\mavenoop\oopsmaven
2020-02-05 20:43:01,077 [Worker-23] INFO  o.e.m.i.launch.MavenLaunchDelegate -  mvn -B clean
2020-02-05 20:43:02,774 [Worker-29] INFO  o.e.m.c.i.embedder.EclipseLogger - Using 'UTF-8' encoding to copy filtered resources.
2020-02-05 20:43:02,774 [Worker-29] INFO  o.e.m.c.i.embedder.EclipseLogger - skip non existing resourceDirectory C:\Users\Lenovo\mavenoop\oopsmaven\src\main\resources
2020-02-05 20:43:02,776 [Worker-29] INFO  o.e.m.c.i.embedder.EclipseLogger - Using 'UTF-8' encoding to copy filtered resources.
2020-02-05 20:43:02,776 [Worker-29] INFO  o.e.m.c.i.embedder.EclipseLogger - skip non existing resourceDirectory C:\Users\Lenovo\mavenoop\oopsmaven\src\test\resources
2020-02-05 20:43:36,104 [Worker-23] INFO  o.e.m.i.launch.MavenLaunchDelegate - C:\Users\Lenovo\mavenoop\oopsmaven
2020-02-05 20:43:36,104 [Worker-23] INFO  o.e.m.i.launch.MavenLaunchDelegate -  mvn -B install
2020-02-05 20:43:40,608 [Worker-23] INFO  o.e.m.c.i.embedder.EclipseLogger - Using 'UTF-8' encoding to copy filtered resources.
2020-02-05 20:43:40,609 [Worker-23] INFO  o.e.m.c.i.embedder.EclipseLogger - skip non existing resourceDirectory C:\Users\Lenovo\mavenoop\oopsmaven\src\main\resources
2020-02-05 20:43:40,610 [Worker-23] INFO  o.e.m.c.i.embedder.EclipseLogger - Using 'UTF-8' encoding to copy filtered resources.
2020-02-05 20:43:40,610 [Worker-23] INFO  o.e.m.c.i.embedder.EclipseLogger - skip non existing resourceDirectory C:\Users\Lenovo\mavenoop\oopsmaven\src\test\resources
2020-02-05 20:45:33,054 [Worker-32] INFO  o.e.m.c.i.embedder.EclipseLogger - Using 'UTF-8' encoding to copy filtered resources.
2020-02-05 20:45:33,054 [Worker-32] INFO  o.e.m.c.i.embedder.EclipseLogger - skip non existing resourceDirectory C:\Users\Lenovo\mavenoop\oopsmaven\src\main\resources
2020-02-05 20:45:33,056 [Worker-32] INFO  o.e.m.c.i.embedder.EclipseLogger - Using 'UTF-8' encoding to copy filtered resources.
2020-02-05 20:45:33,057 [Worker-32] INFO  o.e.m.c.i.embedder.EclipseLogger - skip non existing resourceDirectory C:\Users\Lenovo\mavenoop\oopsmaven\src\test\resources
2020-02-05 20:48:53,373 [Worker-23] INFO  o.e.m.i.launch.MavenLaunchDelegate - C:\Users\Lenovo\mavenoop\oopsmaven
2020-02-05 20:48:53,373 [Worker-23] INFO  o.e.m.i.launch.MavenLaunchDelegate -  mvn -B -X -e compile
2020-02-05 23:30:50,720 [Worker-3] INFO  o.e.m.i.launch.MavenLaunchDelegate - C:\Users\Lenovo\mavenoop\oopsmaven
2020-02-05 23:30:50,723 [Worker-3] INFO  o.e.m.i.launch.MavenLaunchDelegate -  mvn -B install
2020-02-08 21:14:20,323 [main] INFO  o.e.m2e.actions.ExecutePomAction - Using existing launch configuration
2020-02-08 21:14:21,592 [Worker-7] INFO  o.e.m.i.launch.MavenLaunchDelegate - C:\Users\Lenovo\mavenoop\oopsmaven
2020-02-08 21:14:21,594 [Worker-7] INFO  o.e.m.i.launch.MavenLaunchDelegate -  mvn -B -X -e compile
2020-02-08 21:19:38,752 [Worker-13] INFO  o.e.m.c.i.embedder.EclipseLogger - Using 'UTF-8' encoding to copy filtered resources.
2020-02-08 21:19:38,753 [Worker-13] INFO  o.e.m.c.i.embedder.EclipseLogger - skip non existing resourceDirectory C:\Users\Lenovo\mavenoop\oopsmaven\src\main\resources
2020-02-08 21:19:38,757 [Worker-13] INFO  o.e.m.c.i.embedder.EclipseLogger - Using 'UTF-8' encoding to copy filtered resources.
2020-02-08 21:19:38,757 [Worker-13] INFO  o.e.m.c.i.embedder.EclipseLogger - skip non existing resourceDirectory C:\Users\Lenovo\mavenoop\oopsmaven\src\test\resources
2020-02-08 21:21:45,960 [Worker-11] WARN  o.e.r.models.ModelRepository - Failed to download org.eclipse.recommenders:index::zip:0.0.0
org.eclipse.aether.resolution.ArtifactResolutionException: Could not find artifact org.eclipse.recommenders:index:zip:0.0.0-SNAPSHOT in models (http://download.eclipse.org/recommenders/models/neon/)
	at org.eclipse.aether.internal.impl.DefaultArtifactResolver.resolve(DefaultArtifactResolver.java:444) ~[na:na]
	at org.eclipse.aether.internal.impl.DefaultArtifactResolver.resolveArtifacts(DefaultArtifactResolver.java:246) ~[na:na]
	at org.eclipse.aether.internal.impl.DefaultArtifactResolver.resolveArtifact(DefaultArtifactResolver.java:223) ~[na:na]
	at org.eclipse.aether.internal.impl.DefaultRepositorySystem.resolveArtifact(DefaultRepositorySystem.java:294) ~[na:na]
	at org.eclipse.recommenders.models.ModelRepository.resolveInternal(ModelRepository.java:220) [org.eclipse.recommenders.models_2.4.0.v20160607-1609.jar:na]
	at org.eclipse.recommenders.models.ModelRepository.resolve(ModelRepository.java:199) [org.eclipse.recommenders.models_2.4.0.v20160607-1609.jar:na]
	at org.eclipse.recommenders.internal.models.rcp.EclipseModelRepository.resolve(EclipseModelRepository.java:165) [org.eclipse.recommenders.models.rcp_2.4.0.v20160607-1609.jar:na]
	at org.eclipse.recommenders.internal.models.rcp.DownloadModelArchiveJob.run(DownloadModelArchiveJob.java:76) [org.eclipse.recommenders.models.rcp_2.4.0.v20160607-1609.jar:na]
	at org.eclipse.core.internal.jobs.Worker.run(Worker.java:55) [org.eclipse.core.jobs_3.8.0.v20160509-0411.jar:na]
Caused by: org.eclipse.aether.transfer.ArtifactNotFoundException: Could not find artifact org.eclipse.recommenders:index:zip:0.0.0-SNAPSHOT in models (http://download.eclipse.org/recommenders/models/neon/)
	at org.eclipse.aether.connector.basic.ArtifactTransportListener.transferFailed(ArtifactTransportListener.java:39) ~[org.eclipse.aether.connector.basic_1.0.1.v20141111.jar:na]
	at org.eclipse.aether.connector.basic.BasicRepositoryConnector$TaskRunner.run(BasicRepositoryConnector.java:355) ~[org.eclipse.aether.connector.basic_1.0.1.v20141111.jar:na]
	at org.eclipse.aether.util.concurrency.RunnableErrorForwarder$1.run(RunnableErrorForwarder.java:67) ~[na:na]
	at org.eclipse.aether.connector.basic.BasicRepositoryConnector$DirectExecutor.execute(BasicRepositoryConnector.java:581) ~[org.eclipse.aether.connector.basic_1.0.1.v20141111.jar:na]
	at org.eclipse.aether.connector.basic.BasicRepositoryConnector.get(BasicRepositoryConnector.java:249) ~[org.eclipse.aether.connector.basic_1.0.1.v20141111.jar:na]
	at org.eclipse.aether.internal.impl.DefaultArtifactResolver.performDownloads(DefaultArtifactResolver.java:520) ~[na:na]
	at org.eclipse.aether.internal.impl.DefaultArtifactResolver.resolve(DefaultArtifactResolver.java:421) ~[na:na]
	... 8 common frames omitted
2020-02-08 21:39:10,379 [Worker-18] INFO  o.e.m.c.i.embedder.EclipseLogger - Using 'UTF-8' encoding to copy filtered resources.
2020-02-08 21:39:10,381 [Worker-18] INFO  o.e.m.c.i.embedder.EclipseLogger - skip non existing resourceDirectory C:\Users\Lenovo\mavenoop\oopsmaven\src\main\resources
2020-02-08 21:39:10,384 [Worker-18] INFO  o.e.m.c.i.embedder.EclipseLogger - Using 'UTF-8' encoding to copy filtered resources.
2020-02-08 21:39:10,385 [Worker-18] INFO  o.e.m.c.i.embedder.EclipseLogger - skip non existing resourceDirectory C:\Users\Lenovo\mavenoop\oopsmaven\src\test\resources
2020-02-08 21:50:07,592 [Worker-31] INFO  o.e.m.c.i.embedder.EclipseLogger - Using 'UTF-8' encoding to copy filtered resources.
2020-02-08 21:50:07,592 [Worker-31] INFO  o.e.m.c.i.embedder.EclipseLogger - skip non existing resourceDirectory C:\Users\Lenovo\mavenoop\oopsmaven\src\main\resources
2020-02-08 21:50:07,593 [Worker-31] INFO  o.e.m.c.i.embedder.EclipseLogger - Using 'UTF-8' encoding to copy filtered resources.
2020-02-08 21:50:07,593 [Worker-31] INFO  o.e.m.c.i.embedder.EclipseLogger - skip non existing resourceDirectory C:\Users\Lenovo\mavenoop\oopsmaven\src\test\resources
2020-02-08 22:14:32,075 [main] INFO  o.e.m2e.actions.ExecutePomAction - Creating new launch configuration
2020-02-08 22:14:38,080 [Worker-39] INFO  o.e.m.i.launch.MavenLaunchDelegate - C:\Users\Lenovo\mavenoop\oopsmaven
2020-02-08 22:14:38,081 [Worker-39] INFO  o.e.m.i.launch.MavenLaunchDelegate -  mvn -B 
2020-02-08 22:14:38,217 [Worker-43] INFO  o.e.m.c.i.embedder.EclipseLogger - Using 'UTF-8' encoding to copy filtered resources.
2020-02-08 22:14:38,217 [Worker-43] INFO  o.e.m.c.i.embedder.EclipseLogger - skip non existing resourceDirectory C:\Users\Lenovo\mavenoop\oopsmaven\src\main\resources
2020-02-08 22:14:38,219 [Worker-43] INFO  o.e.m.c.i.embedder.EclipseLogger - Using 'UTF-8' encoding to copy filtered resources.
2020-02-08 22:14:38,219 [Worker-43] INFO  o.e.m.c.i.embedder.EclipseLogger - skip non existing resourceDirectory C:\Users\Lenovo\mavenoop\oopsmaven\src\test\resources
2020-02-08 22:14:54,772 [Worker-42] INFO  o.e.m.i.launch.MavenLaunchDelegate - C:\Users\Lenovo\mavenoop\oopsmaven
2020-02-08 22:14:54,772 [Worker-42] INFO  o.e.m.i.launch.MavenLaunchDelegate -  mvn -B install
2020-02-08 22:15:06,177 [Worker-41] INFO  o.e.m.c.i.embedder.EclipseLogger - Using 'UTF-8' encoding to copy filtered resources.
2020-02-08 22:15:06,178 [Worker-41] INFO  o.e.m.c.i.embedder.EclipseLogger - skip non existing resourceDirectory C:\Users\Lenovo\mavenoop\oopsmaven\src\main\resources
2020-02-08 22:15:06,180 [Worker-41] INFO  o.e.m.c.i.embedder.EclipseLogger - Using 'UTF-8' encoding to copy filtered resources.
2020-02-08 22:15:06,180 [Worker-41] INFO  o.e.m.c.i.embedder.EclipseLogger - skip non existing resourceDirectory C:\Users\Lenovo\mavenoop\oopsmaven\src\test\resources
2020-02-08 22:17:40,628 [Worker-45] INFO  o.e.m.c.i.embedder.EclipseLogger - Using 'UTF-8' encoding to copy filtered resources.
2020-02-08 22:17:40,629 [Worker-45] INFO  o.e.m.c.i.embedder.EclipseLogger - skip non existing resourceDirectory C:\Users\Lenovo\mavenoop\oopsmaven\src\main\resources
2020-02-08 22:17:40,631 [Worker-45] INFO  o.e.m.c.i.embedder.EclipseLogger - Using 'UTF-8' encoding to copy filtered resources.
2020-02-08 22:17:40,631 [Worker-45] INFO  o.e.m.c.i.embedder.EclipseLogger - skip non existing resourceDirectory C:\Users\Lenovo\mavenoop\oopsmaven\src\test\resources
2020-02-08 22:24:47,799 [Worker-44] INFO  o.e.m.i.launch.MavenLaunchDelegate - C:\Users\Lenovo\mavenoop\oopsmaven
2020-02-08 22:24:47,799 [Worker-44] INFO  o.e.m.i.launch.MavenLaunchDelegate -  mvn -B install
2020-02-08 22:31:11,512 [main] INFO  o.e.m.c.i.l.LifecycleMappingFactory - Using org.eclipse.m2e.jdt.JarLifecycleMapping lifecycle mapping for MavenProject: com.mycompany:oopsmaven:0.0.1-SNAPSHOT @ C:\Users\Lenovo\mavenoop\oopsmaven\pom.xml.
2020-02-08 22:50:59,945 [Worker-52] INFO  o.e.m.c.i.embedder.EclipseLogger - Using 'UTF-8' encoding to copy filtered resources.
2020-02-08 22:50:59,946 [Worker-52] INFO  o.e.m.c.i.embedder.EclipseLogger - skip non existing resourceDirectory C:\Users\Lenovo\mavenoop\oopsmaven\src\main\resources
2020-02-08 22:50:59,948 [Worker-52] INFO  o.e.m.c.i.embedder.EclipseLogger - Using 'UTF-8' encoding to copy filtered resources.
2020-02-08 22:50:59,948 [Worker-52] INFO  o.e.m.c.i.embedder.EclipseLogger - skip non existing resourceDirectory C:\Users\Lenovo\mavenoop\oopsmaven\src\test\resources
